<?xml version="1.0" encoding="UTF-8"?>
<!-- Generated by org.testng.reporters.JUnitXMLReporter -->
<testsuite hostname="DESKTOP-O89HVJP" ignored="1" name="Test" tests="4" failures="0" timestamp="2020-01-05T15:07:14 IST" time="11.105" errors="0">
  <testcase name="click" time="0.004" classname="Pages.Testngpractise"/>
  <testcase name="page" time="0.004" classname="Pages.Testngpractise"/>
  <testcase name="send" time="0.004" classname="Pages.Testngpractise"/>
  <testcase name="fetchurl" time="6.036" classname="Pages.excersice"/>
  <testcase name="loginclick" time="0.0" classname="Pages.excersice">
    <ignored/>
  </testcase> <!-- loginclick -->
</testsuite> <!-- Test -->
